#
# A fatal error has been detected by the Java Runtime Environment:
#
#  EXCEPTION_ACCESS_VIOLATION (0xc0000005) at pc=0x0000000066794c1e, pid=2516, tid=3556
#
# JRE version: Java(TM) SE Runtime Environment (7.0_75-b13) (build 1.7.0_75-b13)
# Java VM: Java HotSpot(TM) 64-Bit Server VM (24.75-b04 mixed mode windows-amd64 compressed oops)
# Problematic frame:
# V  [jvm.dll+0x104c1e]
#
# Failed to write core dump. Minidumps are not enabled by default on client versions of Windows
#
# If you would like to submit a bug report, please visit:
#   http://bugreport.sun.com/bugreport/crash.jsp
#

---------------  T H R E A D  ---------------

Current thread (0x000000000039f000):  JavaThread "main" [_thread_in_vm, id=3556, stack(0x00000000022e0000,0x00000000023e0000)]

siginfo: ExceptionCode=0xc0000005, reading address 0x000000000000000c

Registers:
RAX=0x000000000000000c, RBX=0x00000000be001520, RCX=0x000000000000000c, RDX=0x0000000000000010
RSP=0x00000000023df180, RBP=0x000000000039f000, RSI=0x0000000000000001, RDI=0x0000000000000001
R8 =0x000000000039fbe0, R9 =0x0000000000000000, R10=0x00000000be004bb0, R11=0x0000000000000000
R12=0x00000000023df4a0, R13=0x0000000000000040, R14=0x00000000021e59d0, R15=0x00000000021e2dc0
RIP=0x0000000066794c1e, EFLAGS=0x0000000000010246

Top of Stack: (sp=0x00000000023df180)
0x00000000023df180:   00000000000003d8 000000000039fb88
0x00000000023df190:   000000000039f7b0 0000000000000000
0x00000000023df1a0:   000000000039f000 0000000066733175
0x00000000023df1b0:   000000000039f000 0000000000000001
0x00000000023df1c0:   0000000000000000 000000000039ff78
0x00000000023df1d0:   00000000000003d8 00000000023df9f8
0x00000000023df1e0:   000000000833e450 00000000082d45b0
0x00000000023df1f0:   000000000833af30 000000006681e4c3
0x00000000023df200:   000000000a43e050 00000000667b0fc9
0x00000000023df210:   0000000000398b70 0000000008336d10
0x00000000023df220:   0000000000000000 000000006681e834
0x00000000023df230:   0000000000000004 0000000065e923be
0x00000000023df240:   000000000833af30 00000000082d45b0
0x00000000023df250:   000000000039f000 00000000668083d9
0x00000000023df260:   0000000000000004 0000000000398b70
0x00000000023df270:   0000c07862a730fe 0000000008336d10 

Instructions: (pc=0x0000000066794c1e)
0x0000000066794bfe:   24 40 0f b6 3d f1 13 65 00 ba 10 00 00 00 40 84
0x0000000066794c0e:   ff 8b c2 b9 0c 00 00 00 0f 45 c1 45 33 c9 48 98
0x0000000066794c1e:   4a 63 34 18 48 85 f6 7e 43 8b 0d 8b 1c 5f 00 48
0x0000000066794c2e:   8b 2d 7c 1c 5f 00 44 8d 42 08 40 84 ff 74 14 42 


Register to memory mapping:

RAX=0x000000000000000c is an unknown value
RBX=0x00000000be001520 is pointing into object: 0x00000000be001510
{other class} 
 - klass: {other class}
RCX=0x000000000000000c is an unknown value
RDX=0x0000000000000010 is an unknown value
RSP=0x00000000023df180 is pointing into the stack for thread: 0x000000000039f000
RBP=0x000000000039f000 is a thread
RSI=0x0000000000000001 is an unknown value
RDI=0x0000000000000001 is an unknown value
R8 =0x000000000039fbe0 is an unknown value
R9 =0x0000000000000000 is an unknown value
R10=0x00000000be004bb0 is an oop
{instance class} 
 - klass: {other class}
R11=0x0000000000000000 is an unknown value
R12=0x00000000023df4a0 is pointing into the stack for thread: 0x000000000039f000
R13=0x0000000000000040 is an unknown value
R14=0x00000000021e59d0 is an unknown value
R15=0x00000000021e2dc0 is an unknown value


Stack: [0x00000000022e0000,0x00000000023e0000],  sp=0x00000000023df180,  free space=1020k
Native frames: (J=compiled Java code, j=interpreted, Vv=VM code, C=native code)
V  [jvm.dll+0x104c1e]

Java frames: (J=compiled Java code, j=interpreted, Vv=VM code)
j  java.util.regex.Matcher.getTextLength()I+4
j  java.util.regex.Matcher.reset()Ljava/util/regex/Matcher;+75
j  java.util.regex.Matcher.<init>(Ljava/util/regex/Pattern;Ljava/lang/CharSequence;)V+79
j  java.util.regex.Pattern.matcher(Ljava/lang/CharSequence;)Ljava/util/regex/Matcher;+38
j  java.lang.String.replaceAll(Ljava/lang/String;Ljava/lang/String;)Ljava/lang/String;+5
j  principal.Principal.trocaLetra(Ljava/lang/String;)Ljava/lang/String;+7
j  principal.Principal.main([Ljava/lang/String;)V+120
v  ~StubRoutines::call_stub

---------------  P R O C E S S  ---------------

Java Threads: ( => current thread )
  0x000000000a2f7000 JavaThread "Service Thread" daemon [_thread_blocked, id=6384, stack(0x000000000ac10000,0x000000000ad10000)]
  0x000000000a2f3000 JavaThread "C2 CompilerThread1" daemon [_thread_blocked, id=3188, stack(0x000000000aa80000,0x000000000ab80000)]
  0x000000000a2ef800 JavaThread "C2 CompilerThread0" daemon [_thread_blocked, id=7048, stack(0x000000000a6f0000,0x000000000a7f0000)]
  0x000000000833f000 JavaThread "JDWP Command Reader" daemon [_thread_in_native, id=4560, stack(0x000000000a010000,0x000000000a110000)]
  0x000000000a2e2800 JavaThread "JDWP Event Helper Thread" daemon [_thread_blocked, id=7124, stack(0x000000000a870000,0x000000000a970000)]
  0x000000000832f800 JavaThread "JDWP Transport Listener: dt_socket" daemon [_thread_blocked, id=7316, stack(0x000000000a1e0000,0x000000000a2e0000)]
  0x0000000008327000 JavaThread "Attach Listener" daemon [_thread_blocked, id=5604, stack(0x00000000099c0000,0x0000000009ac0000)]
  0x0000000008321800 JavaThread "Signal Dispatcher" daemon [_thread_blocked, id=1184, stack(0x00000000096f0000,0x00000000097f0000)]
  0x00000000082c8000 JavaThread "Finalizer" daemon [_thread_blocked, id=2416, stack(0x0000000009570000,0x0000000009670000)]
  0x00000000082c1000 JavaThread "Reference Handler" daemon [_thread_blocked, id=2160, stack(0x0000000009470000,0x0000000009570000)]
=>0x000000000039f000 JavaThread "main" [_thread_in_vm, id=3556, stack(0x00000000022e0000,0x00000000023e0000)]

Other Threads:
  0x00000000082bb800 VMThread [stack: 0x00000000092f0000,0x00000000093f0000] [id=6828]
  0x000000000a310800 WatcherThread [stack: 0x000000000ad60000,0x000000000ae60000] [id=4500]

VM state:not at safepoint (normal execution)

VM Mutex/Monitor currently owned by a thread: None

Heap
 PSYoungGen      total 18432K, used 5406K [0x00000000ebb00000, 0x00000000ecf80000, 0x0000000100000000)
  eden space 15872K, 34% used [0x00000000ebb00000,0x00000000ec047b60,0x00000000eca80000)
  from space 2560K, 0% used [0x00000000ecd00000,0x00000000ecd00000,0x00000000ecf80000)
  to   space 2560K, 0% used [0x00000000eca80000,0x00000000eca80000,0x00000000ecd00000)
 ParOldGen       total 41472K, used 0K [0x00000000c3200000, 0x00000000c5a80000, 0x00000000ebb00000)
  object space 41472K, 0% used [0x00000000c3200000,0x00000000c3200000,0x00000000c5a80000)
 PSPermGen       total 21504K, used 3825K [0x00000000be000000, 0x00000000bf500000, 0x00000000c3200000)
  object space 21504K, 17% used [0x00000000be000000,0x00000000be3bc4f0,0x00000000bf500000)

Card table byte_map: [0x0000000005470000,0x0000000005690000] byte_map_base: 0x0000000004e80000

Polling page: 0x00000000001b0000

Code Cache  [0x0000000002470000, 0x00000000026e0000, 0x0000000005470000)
 total_blobs=224 nmethods=39 adapters=146 free_code_cache=48680Kb largest_free_block=49821376

Compilation events (10 events):
Event: 0.493 Thread 0x000000000a2ef800 nmethod 35 0x00000000024e0110 code [0x00000000024e0280, 0x00000000024e0450]
Event: 0.493 Thread 0x000000000a2ef800   36             com.google.gson.internal.bind.ReflectiveTypeAdapterFactory$1::read (30 bytes)
Event: 0.497 Thread 0x000000000a2ef800 nmethod 36 0x00000000024e5610 code [0x00000000024e5780, 0x00000000024e5988]
Event: 0.497 Thread 0x000000000a2ef800   37             java.lang.reflect.Field::set (50 bytes)
Event: 0.498 Thread 0x000000000a2ef800 nmethod 37 0x00000000024e9d90 code [0x00000000024e9f00, 0x00000000024ea048]
Event: 0.498 Thread 0x000000000a2ef800   38             java.lang.reflect.Field::getFieldAccessor (35 bytes)
Event: 0.499 Thread 0x000000000a2f3000 nmethod 29 0x00000000024ea1d0 code [0x00000000024ea4a0, 0x00000000024eb568]
Event: 0.499 Thread 0x000000000a2f3000   39             sun.reflect.UnsafeFieldAccessorImpl::ensureObj (23 bytes)
Event: 0.499 Thread 0x000000000a2ef800 nmethod 38 0x00000000024dfed0 code [0x00000000024e0000, 0x00000000024e0098]
Event: 0.500 Thread 0x000000000a2f3000 nmethod 39 0x00000000024e5190 code [0x00000000024e52e0, 0x00000000024e5468]

GC Heap History (0 events):
No events

Deoptimization events (1 events):
Event: 0.489 Thread 0x000000000039f000 Uncommon trap: reason=unreached action=reinterpret pc=0x00000000024d5c00 method=java.util.HashMap.getEntry(Ljava/lang/Object;)Ljava/util/HashMap$Entry; @ 39

Internal exceptions (10 events):
Event: 0.359 Thread 0x000000000039f000 Threw 0x00000000ebdbbfd0 at C:\re\jdk7u75\1940\hotspot\src\share\vm\prims\jvm.cpp:1281
Event: 0.360 Thread 0x000000000039f000 Threw 0x00000000ebdc4d90 at C:\re\jdk7u75\1940\hotspot\src\share\vm\prims\jvm.cpp:1281
Event: 0.360 Thread 0x000000000039f000 Threw 0x00000000ebdc7650 at C:\re\jdk7u75\1940\hotspot\src\share\vm\prims\jvm.cpp:1281
Event: 0.362 Thread 0x000000000039f000 Threw 0x00000000ebdd2400 at C:\re\jdk7u75\1940\hotspot\src\share\vm\prims\jvm.cpp:1281
Event: 0.364 Thread 0x000000000039f000 Threw 0x00000000ebdd6318 at C:\re\jdk7u75\1940\hotspot\src\share\vm\prims\jvm.cpp:1281
Event: 0.365 Thread 0x000000000039f000 Threw 0x00000000ebdd9480 at C:\re\jdk7u75\1940\hotspot\src\share\vm\prims\jvm.cpp:1281
Event: 0.366 Thread 0x000000000039f000 Threw 0x00000000ebdde050 at C:\re\jdk7u75\1940\hotspot\src\share\vm\prims\jvm.cpp:1281
Event: 0.367 Thread 0x000000000039f000 Threw 0x00000000ebde0a38 at C:\re\jdk7u75\1940\hotspot\src\share\vm\prims\jvm.cpp:1281
Event: 0.371 Thread 0x000000000039f000 Threw 0x00000000ebdecee0 at C:\re\jdk7u75\1940\hotspot\src\share\vm\prims\jvm.cpp:1281
Event: 0.373 Thread 0x000000000039f000 Threw 0x00000000ebdf1158 at C:\re\jdk7u75\1940\hotspot\src\share\vm\prims\jvm.cpp:1281

Events (10 events):
Event: 230.488 loading class 0x00000000021e5920
Event: 230.488 loading class 0x000000000a427440
Event: 230.488 loading class 0x000000000a427440 done
Event: 230.489 loading class 0x00000000021e5920 done
Event: 230.490 Executing VM operation: GetCurrentLocation
Event: 230.490 Executing VM operation: GetCurrentLocation done
Event: 230.491 Executing VM operation: ChangeSingleStep
Event: 230.491 Executing VM operation: ChangeSingleStep done
Event: 230.491 Executing VM operation: ChangeSingleStep
Event: 230.491 Executing VM operation: ChangeSingleStep done


Dynamic libraries:
0x000000013fc80000 - 0x000000013fcb3000 	C:\Program Files\Java\jre7\bin\javaw.exe
0x0000000077280000 - 0x0000000077429000 	C:\Windows\SYSTEM32\ntdll.dll
0x0000000077160000 - 0x000000007727f000 	C:\Windows\system32\kernel32.dll
0x000007fefd3f0000 - 0x000007fefd45b000 	C:\Windows\system32\KERNELBASE.dll
0x000007fefd6d0000 - 0x000007fefd7ab000 	C:\Windows\system32\ADVAPI32.dll
0x000007feff4f0000 - 0x000007feff58f000 	C:\Windows\system32\msvcrt.dll
0x000007fefda60000 - 0x000007fefda7f000 	C:\Windows\SYSTEM32\sechost.dll
0x000007fefdd10000 - 0x000007fefde3d000 	C:\Windows\system32\RPCRT4.dll
0x0000000077060000 - 0x000000007715a000 	C:\Windows\system32\USER32.dll
0x000007fefda80000 - 0x000007fefdae7000 	C:\Windows\system32\GDI32.dll
0x000007fefdb10000 - 0x000007fefdb1e000 	C:\Windows\system32\LPK.dll
0x000007fefe120000 - 0x000007fefe1e9000 	C:\Windows\system32\USP10.dll
0x000007fefba80000 - 0x000007fefbc74000 	C:\Windows\WinSxS\amd64_microsoft.windows.common-controls_6595b64144ccf1df_6.0.7601.17514_none_fa396087175ac9ac\COMCTL32.dll
0x000007feff440000 - 0x000007feff4b1000 	C:\Windows\system32\SHLWAPI.dll
0x000007feff4c0000 - 0x000007feff4ee000 	C:\Windows\system32\IMM32.DLL
0x000007fefd460000 - 0x000007fefd569000 	C:\Windows\system32\MSCTF.dll
0x0000000069790000 - 0x0000000069862000 	C:\Program Files\Java\jre7\bin\msvcr100.dll
0x0000000066690000 - 0x0000000066e64000 	C:\Program Files\Java\jre7\bin\server\jvm.dll
0x000007fefabe0000 - 0x000007fefabe9000 	C:\Windows\system32\WSOCK32.dll
0x000007fefd810000 - 0x000007fefd85d000 	C:\Windows\system32\WS2_32.dll
0x000007fefdb20000 - 0x000007fefdb28000 	C:\Windows\system32\NSI.dll
0x000007fefafe0000 - 0x000007fefb01b000 	C:\Windows\system32\WINMM.dll
0x0000000077440000 - 0x0000000077447000 	C:\Windows\system32\PSAPI.DLL
0x0000000073a80000 - 0x0000000073a8f000 	C:\Program Files\Java\jre7\bin\verify.dll
0x0000000069de0000 - 0x0000000069e08000 	C:\Program Files\Java\jre7\bin\java.dll
0x0000000065e80000 - 0x0000000065eb5000 	C:\Program Files\Java\jre7\bin\jdwp.dll
0x0000000070050000 - 0x0000000070058000 	C:\Program Files\Java\jre7\bin\npt.dll
0x000000006e2d0000 - 0x000000006e2e5000 	C:\Program Files\Java\jre7\bin\zip.dll
0x0000000069dd0000 - 0x0000000069dd9000 	C:\Program Files\Java\jre7\bin\dt_socket.dll
0x000007fefae70000 - 0x000007fefae85000 	C:\Windows\system32\NLAapi.dll
0x000007fef63d0000 - 0x000007fef63e5000 	C:\Windows\system32\napinsp.dll
0x000007fef63f0000 - 0x000007fef6409000 	C:\Windows\system32\pnrpnsp.dll
0x000007fef6c20000 - 0x000007fef6c4e000 	C:\Program Files\Common Files\Microsoft Shared\Windows Live\WLIDNSP.DLL
0x000007fefc8a0000 - 0x000007fefc8f5000 	C:\Windows\System32\mswsock.dll
0x000007fefc720000 - 0x000007fefc77b000 	C:\Windows\system32\DNSAPI.dll
0x000007fef5210000 - 0x000007fef521b000 	C:\Windows\System32\winrnr.dll
0x000007fefa880000 - 0x000007fefa8a7000 	C:\Windows\system32\IPHLPAPI.DLL
0x000007fefa870000 - 0x000007fefa87b000 	C:\Windows\system32\WINNSI.DLL
0x000007fefa340000 - 0x000007fefa393000 	C:\Windows\System32\fwpuclnt.dll
0x000007fef7120000 - 0x000007fef7128000 	C:\Windows\system32\rasadhlp.dll
0x000007fefc210000 - 0x000007fefc217000 	C:\Windows\System32\wshtcpip.dll
0x000007fef2f10000 - 0x000007fef3035000 	C:\Windows\system32\dbghelp.dll

VM Arguments:
jvm_args: -agentlib:jdwp=transport=dt_socket,suspend=y,address=localhost:50346 -Dfile.encoding=Cp1252 
java_command: principal.Principal
Launcher Type: SUN_STANDARD

Environment Variables:
JAVA_HOME=C:\Program Files\Java\jdk1.7.0_75
PATH=C:\oracle\product\1020\client1\bin;C:\Program Files (x86)\Oracle\jre\1.3.1\bin;C:\Program Files (x86)\Oracle\jre\1.1.8\bin;C:\oracle\product\10.2.0\client_1\bin;C:\Program Files\Common Files\Microsoft Shared\Windows Live;C:\Program Files (x86)\Common Files\Microsoft Shared\Windows Live;C:\Windows\system32;C:\Windows;C:\Windows\System32\Wbem;C:\Windows\System32\WindowsPowerShell\v1.0\;C:\Program Files\Dell\DW WLAN Card;c:\Program Files (x86)\Common Files\Roxio Shared\DLLShared\;C:\Program Files (x86)\Windows Live\Shared;C:\Program Files\Java\jdk1.7.0_75\bin;C:\Program Files\Java\jdk1.7.0_75\lib;c:\Program Files (x86)\Microsoft SQL Server\100\Tools\Binn\;c:\Program Files\Microsoft SQL Server\100\Tools\Binn\;c:\Program Files\Microsoft SQL Server\100\DTS\Binn\;c:\Program Files (x86)\Microsoft SQL Server\100\Tools\Binn\VSShell\Common7\IDE\;c:\Program Files (x86)\Microsoft SQL Server\100\DTS\Binn\;C:\Program Files\Java\jdk1.7.0_75\bin;C:\Program Files\VDownloaderx';C:\Program Files (x86)\Skype\Phone\;C:\Program Files\Git\cmd;C:\Program Files\TortoiseGit\bin
USERNAME=Kassio
OS=Windows_NT
PROCESSOR_IDENTIFIER=Intel64 Family 6 Model 37 Stepping 5, GenuineIntel



---------------  S Y S T E M  ---------------

OS: Windows 7 , 64 bit Build 7601 Service Pack 1

CPU:total 4 (2 cores per cpu, 2 threads per core) family 6 model 37 stepping 5, cmov, cx8, fxsr, mmx, sse, sse2, sse3, ssse3, sse4.1, sse4.2, popcnt, ht, tsc, tscinvbit

Memory: 4k page, physical 3988160k(890388k free), swap 7974456k(3538324k free)

vm_info: Java HotSpot(TM) 64-Bit Server VM (24.75-b04) for windows-amd64 JRE (1.7.0_75-b13), built on Dec 18 2014 17:15:01 by "java_re" with unknown MS VC++:1600

time: Fri Apr 28 21:03:56 2017
elapsed time: 230 seconds

